C:\Users\pablo\miniconda3\envs\ipa-transcriber-3\Lib\site-packages\pyannote\audio\core\io.py:47: UserWarning: 
torchcodec is not installed correctly so built-in audio decoding will fail. Solutions are:
* use audio preloaded in-memory as a {'waveform': (channel, time) torch.Tensor, 'sample_rate': int} dictionary;
* fix torchcodec installation. Error message was:

Could not load libtorchcodec. Likely causes:
          1. FFmpeg is not properly installed in your environment. We support
             versions 4, 5, 6, 7, and 8, and we attempt to load libtorchcodec
             for each of those versions. Errors for versions not installed on
             your system are expected; only the error for your installed FFmpeg
             version is relevant. On Windows, ensure you've installed the
             "full-shared" version which ships DLLs.
          2. The PyTorch version (2.10.0+cpu) is not compatible with
             this version of TorchCodec. Refer to the version compatibility
             table:
             https://github.com/pytorch/torchcodec?tab=readme-ov-file#installing-torchcodec.
          3. Another runtime dependency; see exceptions below.

        The following exceptions were raised as we tried to load libtorchcodec:
        
[start of libtorchcodec loading traceback]
FFmpeg version 8:
Traceback (most recent call last):
  File "C:\Users\pablo\miniconda3\envs\ipa-transcriber-3\Lib\site-packages\torch\_ops.py", line 1442, in load_library
    ctypes.CDLL(path)
  File "C:\Users\pablo\miniconda3\envs\ipa-transcriber-3\Lib\ctypes\__init__.py", line 376, in __init__
    self._handle = _dlopen(self._name, mode)
                   ^^^^^^^^^^^^^^^^^^^^^^^^^
FileNotFoundError: Could not find module 'C:\Users\pablo\miniconda3\envs\ipa-transcriber-3\Lib\site-packages\torchcodec\libtorchcodec_core8.dll' (or one of its dependencies). Try using the full path with constructor syntax.

The above exception was the direct cause of the following exception:

Traceback (most recent call last):
  File "C:\Users\pablo\miniconda3\envs\ipa-transcriber-3\Lib\site-packages\torchcodec\_core\ops.py", line 57, in load_torchcodec_shared_libraries
    torch.ops.load_library(core_library_path)
  File "C:\Users\pablo\miniconda3\envs\ipa-transcriber-3\Lib\site-packages\torch\_ops.py", line 1444, in load_library
    raise OSError(f"Could not load this library: {path}") from e
OSError: Could not load this library: C:\Users\pablo\miniconda3\envs\ipa-transcriber-3\Lib\site-packages\torchcodec\libtorchcodec_core8.dll

FFmpeg version 7:
Traceback (most recent call last):
  File "C:\Users\pablo\miniconda3\envs\ipa-transcriber-3\Lib\site-packages\torch\_ops.py", line 1442, in load_library
    ctypes.CDLL(path)
  File "C:\Users\pablo\miniconda3\envs\ipa-transcriber-3\Lib\ctypes\__init__.py", line 376, in __init__
    self._handle = _dlopen(self._name, mode)
                   ^^^^^^^^^^^^^^^^^^^^^^^^^
FileNotFoundError: Could not find module 'C:\Users\pablo\miniconda3\envs\ipa-transcriber-3\Lib\site-packages\torchcodec\libtorchcodec_core7.dll' (or one of its dependencies). Try using the full path with constructor syntax.

The above exception was the direct cause of the following exception:

Traceback (most recent call last):
  File "C:\Users\pablo\miniconda3\envs\ipa-transcriber-3\Lib\site-packages\torchcodec\_core\ops.py", line 57, in load_torchcodec_shared_libraries
    torch.ops.load_library(core_library_path)
  File "C:\Users\pablo\miniconda3\envs\ipa-transcriber-3\Lib\site-packages\torch\_ops.py", line 1444, in load_library
    raise OSError(f"Could not load this library: {path}") from e
OSError: Could not load this library: C:\Users\pablo\miniconda3\envs\ipa-transcriber-3\Lib\site-packages\torchcodec\libtorchcodec_core7.dll

FFmpeg version 6:
Traceback (most recent call last):
  File "C:\Users\pablo\miniconda3\envs\ipa-transcriber-3\Lib\site-packages\torch\_ops.py", line 1442, in load_library
    ctypes.CDLL(path)
  File "C:\Users\pablo\miniconda3\envs\ipa-transcriber-3\Lib\ctypes\__init__.py", line 376, in __init__
    self._handle = _dlopen(self._name, mode)
                   ^^^^^^^^^^^^^^^^^^^^^^^^^
FileNotFoundError: Could not find module 'C:\Users\pablo\miniconda3\envs\ipa-transcriber-3\Lib\site-packages\torchcodec\libtorchcodec_core6.dll' (or one of its dependencies). Try using the full path with constructor syntax.

The above exception was the direct cause of the following exception:

Traceback (most recent call last):
  File "C:\Users\pablo\miniconda3\envs\ipa-transcriber-3\Lib\site-packages\torchcodec\_core\ops.py", line 57, in load_torchcodec_shared_libraries
    torch.ops.load_library(core_library_path)
  File "C:\Users\pablo\miniconda3\envs\ipa-transcriber-3\Lib\site-packages\torch\_ops.py", line 1444, in load_library
    raise OSError(f"Could not load this library: {path}") from e
OSError: Could not load this library: C:\Users\pablo\miniconda3\envs\ipa-transcriber-3\Lib\site-packages\torchcodec\libtorchcodec_core6.dll

FFmpeg version 5:
Traceback (most recent call last):
  File "C:\Users\pablo\miniconda3\envs\ipa-transcriber-3\Lib\site-packages\torch\_ops.py", line 1442, in load_library
    ctypes.CDLL(path)
  File "C:\Users\pablo\miniconda3\envs\ipa-transcriber-3\Lib\ctypes\__init__.py", line 376, in __init__
    self._handle = _dlopen(self._name, mode)
                   ^^^^^^^^^^^^^^^^^^^^^^^^^
FileNotFoundError: Could not find module 'C:\Users\pablo\miniconda3\envs\ipa-transcriber-3\Lib\site-packages\torchcodec\libtorchcodec_core5.dll' (or one of its dependencies). Try using the full path with constructor syntax.

The above exception was the direct cause of the following exception:

Traceback (most recent call last):
  File "C:\Users\pablo\miniconda3\envs\ipa-transcriber-3\Lib\site-packages\torchcodec\_core\ops.py", line 57, in load_torchcodec_shared_libraries
    torch.ops.load_library(core_library_path)
  File "C:\Users\pablo\miniconda3\envs\ipa-transcriber-3\Lib\site-packages\torch\_ops.py", line 1444, in load_library
    raise OSError(f"Could not load this library: {path}") from e
OSError: Could not load this library: C:\Users\pablo\miniconda3\envs\ipa-transcriber-3\Lib\site-packages\torchcodec\libtorchcodec_core5.dll

FFmpeg version 4:
Traceback (most recent call last):
  File "C:\Users\pablo\miniconda3\envs\ipa-transcriber-3\Lib\site-packages\torch\_ops.py", line 1442, in load_library
    ctypes.CDLL(path)
  File "C:\Users\pablo\miniconda3\envs\ipa-transcriber-3\Lib\ctypes\__init__.py", line 376, in __init__
    self._handle = _dlopen(self._name, mode)
                   ^^^^^^^^^^^^^^^^^^^^^^^^^
FileNotFoundError: Could not find module 'C:\Users\pablo\miniconda3\envs\ipa-transcriber-3\Lib\site-packages\torchcodec\libtorchcodec_core4.dll' (or one of its dependencies). Try using the full path with constructor syntax.

The above exception was the direct cause of the following exception:

Traceback (most recent call last):
  File "C:\Users\pablo\miniconda3\envs\ipa-transcriber-3\Lib\site-packages\torchcodec\_core\ops.py", line 57, in load_torchcodec_shared_libraries
    torch.ops.load_library(core_library_path)
  File "C:\Users\pablo\miniconda3\envs\ipa-transcriber-3\Lib\site-packages\torch\_ops.py", line 1444, in load_library
    raise OSError(f"Could not load this library: {path}") from e
OSError: Could not load this library: C:\Users\pablo\miniconda3\envs\ipa-transcriber-3\Lib\site-packages\torchcodec\libtorchcodec_core4.dll
[end of libtorchcodec loading traceback].
  warnings.warn(
